<?xml version="1.0" encoding="UTF-8"?>
<!-- Generated by org.testng.reporters.JUnitXMLReporter -->
<testsuite ignored="0" hostname="DESKTOP-1PHE2Q8" failures="0" tests="3" name="Submit Order Test" time="61.301" errors="0" timestamp="2024-07-02T11:57:38 IST">
  <testcase classname="rahulshettyacademy.SubmitOrderTest" name="submitOrder" time="7.319"/>
  <testcase classname="rahulshettyacademy.SubmitOrderTest" name="submitOrder" time="12.586"/>
  <testcase classname="rahulshettyacademy.SubmitOrderTest" name="verfiyCartAfterOrder" time="4.898"/>
</testsuite> <!-- Submit Order Test -->
