<?xml version="1.0" encoding="UTF-8"?>
<!-- Generated by org.testng.reporters.JUnitXMLReporter -->
<testsuite ignored="1" hostname="DESKTOP-1PHE2Q8" failures="0" tests="1" name="Error Validation Test" time="33.33" errors="0" timestamp="2024-07-02T19:11:55 IST">
  <testcase classname="rahulshettyacademy.ErrorValidationTest" name="chkAgreeErrorValidation" time="10.02"/>
  <testcase classname="rahulshettyacademy.ErrorValidationTest" name="productErrorValidation" time="0.0">
    <ignored/>
  </testcase> <!-- productErrorValidation -->
</testsuite> <!-- Error Validation Test -->
