<?xml version="1.0" encoding="UTF-8"?>
<!-- Generated by org.testng.reporters.JUnitXMLReporter -->
<testsuite ignored="2" hostname="DESKTOP-1PHE2Q8" failures="0" tests="0" time="0.039" errors="0" timestamp="2024-07-02T19:11:22 IST">
  <testcase classname="rahulshettyacademy.SubmitOrderTest" name="submitOrder" time="0.0">
    <ignored/>
  </testcase> <!-- submitOrder -->
  <testcase classname="rahulshettyacademy.SubmitOrderTest" name="verfiyCartAfterOrder" time="0.0">
    <ignored/>
  </testcase> <!-- verfiyCartAfterOrder -->
</testsuite>
